SF:lib/app/cubit/auth_cubit.dart
DA:14,1
DA:15,1
DA:26,1
DA:27,2
DA:30,1
DA:31,1
DA:39,5
DA:40,1
DA:41,1
DA:48,2
DA:49,1
DA:50,1
DA:53,1
DA:59,1
DA:61,2
DA:62,1
LF:16
LH:16
end_of_record
SF:lib/repositories/auth_repository.dart
DA:9,1
DA:12,1
DA:13,2
DA:16,1
DA:17,4
DA:21,3
LF:6
LH:6
end_of_record
SF:lib/data_sources/auth_data_source.dart
DA:9,0
DA:10,0
DA:13,0
DA:14,0
DA:18,0
LF:5
LH:0
end_of_record
SF:lib/data_sources/forum_data_source.dart
DA:7,0
DA:8,0
DA:9,0
DA:10,0
DA:11,0
DA:12,0
DA:13,0
DA:14,0
DA:15,0
DA:17,0
DA:21,0
DA:23,0
DA:24,0
LF:13
LH:0
end_of_record
SF:lib/repositories/forum_repository.dart
DA:7,1
DA:10,1
DA:11,2
DA:14,1
DA:15,2
LF:5
LH:5
end_of_record
SF:lib/features/forum/cubit/forum_cubit.dart
DA:15,1
DA:16,1
DA:25,1
DA:26,1
DA:34,5
DA:35,1
DA:36,1
DA:43,2
DA:44,1
DA:45,1
DA:48,1
DA:54,0
DA:55,0
DA:58,1
DA:60,2
DA:61,1
LF:16
LH:14
end_of_record
SF:lib/features/news/cubit/news_cubit.dart
DA:14,1
DA:15,1
DA:25,1
DA:26,1
DA:34,5
DA:35,1
DA:36,1
DA:43,2
DA:44,1
DA:45,1
DA:48,1
DA:54,1
DA:56,2
DA:57,1
LF:14
LH:14
end_of_record
SF:lib/repositories/news_repository.dart
DA:7,0
DA:10,0
DA:11,0
DA:14,0
DA:15,0
LF:5
LH:0
end_of_record
SF:lib/data_sources/news_data_source.dart
DA:7,0
DA:8,0
DA:9,0
DA:10,0
DA:11,0
DA:12,0
DA:13,0
DA:14,0
DA:15,0
DA:16,0
DA:17,0
DA:18,0
DA:21,0
DA:25,0
DA:27,0
DA:28,0
DA:29,0
DA:30,0
DA:31,0
DA:32,0
LF:20
LH:0
end_of_record
SF:lib/features/forum_details/cubit/forum_details_cubit.dart
DA:10,1
DA:11,1
DA:15,1
DA:17,2
DA:18,2
DA:20,3
LF:6
LH:6
end_of_record
